\BOOKMARK [0][-]{chapter.1}{\376\377\000D\000a\000y\000\040\0001\000\040\000-\000\040\0000\0004\000/\0000\0001\000/\0002\0000\0002\0004}{}% 1
\BOOKMARK [1][-]{section.1.1}{\376\377\000C\000l\000o\000z\000e\000\040\000T\000e\000s\000t}{chapter.1}% 2
\BOOKMARK [0][-]{chapter.2}{\376\377\000D\000a\000y\000\040\0002\000\040\000-\000\040\0000\0005\000/\0000\0001\000/\0002\0000\0002\0004}{}% 3
\BOOKMARK [1][-]{section.2.1}{\376\377\000A\000b\000b\000r\000e\000v\000i\000a\000t\000i\000o\000n\000s}{chapter.2}% 4
\BOOKMARK [1][-]{section.2.2}{\376\377\000F\000.\000R\000.\000I\000.\000E\000.\000N\000.\000D\000.\000S\000?}{chapter.2}% 5
\BOOKMARK [1][-]{section.2.3}{\376\377\000A\000f\000t\000e\000r\000m\000a\000t\000h}{chapter.2}% 6
\BOOKMARK [0][-]{chapter.3}{\376\377\000D\000a\000y\000\040\0003\000\040\000-\000\040\0000\0008\000/\0000\0001\000/\0002\0000\0002\0004}{}% 7
\BOOKMARK [1][-]{section.3.1}{\376\377\000C\000h\000a\000n\000g\000i\000n\000g\000\040\000o\000f\000\040\000S\000e\000n\000t\000e\000n\000c\000e\000s}{chapter.3}% 8
\BOOKMARK [0][-]{chapter.4}{\376\377\000D\000a\000y\000\040\0004\000\040\000-\000\040\0001\0001\000/\0000\0001\000/\0002\0000\0002\0004}{}% 9
\BOOKMARK [1][-]{section.4.1}{\376\377\000S\000p\000e\000l\000l\000i\000n\000g\000\040\000r\000u\000l\000e\000s}{chapter.4}% 10
\BOOKMARK [0][-]{chapter.5}{\376\377\000D\000a\000y\000\040\0005\000\040\000-\000\040\0001\0002\000/\0000\0001\000/\0002\0000\0002\0004}{}% 11
\BOOKMARK [1][-]{section.5.1}{\376\377\000C\000o\000l\000l\000o\000c\000a\000t\000i\000o\000n\000s}{chapter.5}% 12
\BOOKMARK [0][-]{chapter.6}{\376\377\000D\000a\000y\000\040\0006\000\040\000-\000\040\0001\0005\000/\0000\0001\000/\0002\0000\0002\0004}{}% 13
\BOOKMARK [1][-]{section.6.1}{\376\377\000C\000o\000m\000m\000o\000n\000l\000y\000\040\000M\000i\000s\000u\000s\000e\000d\000\040\000W\000o\000r\000d\000s}{chapter.6}% 14
\BOOKMARK [0][-]{chapter.7}{\376\377\000D\000a\000y\000\040\0007\000\040\000-\000\040\0001\0008\000/\0000\0001\000/\0002\0000\0002\0004}{}% 15
\BOOKMARK [1][-]{section.7.1}{\376\377\000O\000n\000e\000\040\000W\000o\000r\000d\000\040\000S\000u\000b\000s\000t\000i\000t\000u\000t\000i\000o\000n}{chapter.7}% 16
\BOOKMARK [0][-]{chapter.8}{\376\377\000D\000a\000y\000\040\0008\000\040\000-\000\040\0001\0009\000/\0000\0001\000/\0002\0000\0002\0004}{}% 17
\BOOKMARK [1][-]{section.8.1}{\376\377\000R\000e\000v\000i\000s\000i\000o\000n\000\040\000o\000f\000\040\000F\000o\000r\000e\000i\000g\000n\000\040\000W\000o\000r\000d\000s\000!}{chapter.8}% 18
\BOOKMARK [0][-]{chapter.9}{\376\377\000D\000a\000y\000\040\0009\000\040\000-\000\040\0002\0005\000/\0000\0001\000/\0002\0000\0002\0004}{}% 19
\BOOKMARK [0][-]{chapter.10}{\376\377\000D\000a\000y\000\040\0001\0000\000\040\000-\000\040\0002\0009\000/\0000\0001\000/\0002\0000\0002\0004}{}% 20
\BOOKMARK [1][-]{section.10.1}{\376\377\000T\000e\000n\000s\000e\000s}{chapter.10}% 21
\BOOKMARK [1][-]{section.10.2}{\376\377\000E\000x\000e\000r\000c\000i\000s\000e\000s\000\040\000a\000s\000\040\000U\000s\000u\000a\000l\000!}{chapter.10}% 22
\BOOKMARK [0][-]{chapter.11}{\376\377\000D\000a\000y\000\040\0001\0001\000\040\000-\000\040\0000\0001\000/\0000\0002\000/\0002\0000\0002\0004}{}% 23
\BOOKMARK [1][-]{section.11.1}{\376\377\000Q\000u\000e\000s\000t\000i\000o\000n\000\040\000T\000a\000g\000s}{chapter.11}% 24
\BOOKMARK [1][-]{section.11.2}{\376\377\000I\000d\000i\000o\000m\000s\000\040\000-\000\040\000S\000e\000n\000t\000e\000n\000c\000e\000\040\000M\000a\000k\000i\000n\000g}{chapter.11}% 25
\BOOKMARK [0][-]{chapter.12}{\376\377\000D\000a\000y\000\040\0001\0002\000\040\000-\000\040\0000\0002\000/\0000\0002\000/\0002\0000\0002\0004}{}% 26
\BOOKMARK [0][-]{chapter.13}{\376\377\000D\000a\000y\000\040\0001\0003\000\040\000-\000\040\0000\0006\000/\0000\0002\000/\0002\0000\0002\0004}{}% 27
\BOOKMARK [1][-]{section.13.1}{\376\377\000P\000a\000r\000a\000g\000r\000a\000p\000h\000\040\000W\000r\000i\000t\000i\000n\000g\000!}{chapter.13}% 28
\BOOKMARK [0][-]{chapter.14}{\376\377\000D\000a\000y\000\040\0001\0004\000\040\000-\000\040\0000\0007\000/\0000\0002\000/\0002\0000\0002\0004}{}% 29
\BOOKMARK [1][-]{section.14.1}{\376\377\000P\000a\000r\000a\000g\000r\000a\000p\000h\000\040\000W\000r\000i\000t\000i\000n\000g\000\040\000C\000o\000n\000t\000i\000n\000u\000e\000d\000.\000.\000.}{chapter.14}% 30
\BOOKMARK [0][-]{chapter.15}{\376\377\000D\000a\000y\0001\0005\000\040\000:\000\040\0001\0002\000/\0000\0002\000/\0002\0000\0002\0004}{}% 31
\BOOKMARK [1][-]{section.15.1}{\376\377\000A\000c\000t\000i\000v\000e\000\040\000v\000s\000\040\000P\000a\000s\000s\000i\000v\000e\000\040\000V\000o\000i\000c\000e}{chapter.15}% 32
